###############################################################################
#
# IAR ANSI C/C++ Compiler V7.50.2.10312/W32 for ARM       06/May/2016  23:31:34
# Copyright 1999-2015 IAR Systems AB.
#
#    Cpu mode     =  thumb
#    Endian       =  little
#    Source file  =  
#        D:\IAR
#        Workspace\STM32F407\STM32F4-Discovery_FW_V1.1.0\Libraries\STM32F4xx_StdPeriph_Driver\src\stm32f4xx_hash_sha1.c
#    Command line =  
#        "D:\IAR
#        Workspace\STM32F407\STM32F4-Discovery_FW_V1.1.0\Libraries\STM32F4xx_StdPeriph_Driver\src\stm32f4xx_hash_sha1.c"
#        -D USE_STDPERIPH_DRIVER -D STM32F4XX -D USE_FULL_ASSERT -lCN "D:\IAR
#        Workspace\STM32F407\VCP_ESP\Debug\List" -o "D:\IAR
#        Workspace\STM32F407\VCP_ESP\Debug\Obj" --no_cse --no_unroll
#        --no_inline --no_code_motion --no_tbaa --no_clustering --no_scheduling
#        --debug --endian=little --cpu=Cortex-M4 -e --fpu=VFPv4_sp
#        --dlib_config "C:\Program Files (x86)\IAR Systems\Embedded Workbench
#        7.3\arm\INC\c\DLib_Config_Full.h" -I "D:\IAR
#        Workspace\STM32F407\VCP_ESP\..\Libraries\STM32F4xx_StdPeriph_Driver\inc\"
#        -I "D:\IAR Workspace\STM32F407\VCP_ESP\..\Libraries\CMSIS\Include\" -I
#        "D:\IAR Workspace\STM32F407\VCP_ESP\..\Utilities\STM32F4-Discovery\"
#        -I "D:\IAR
#        Workspace\STM32F407\VCP_ESP\..\Libraries\CMSIS\ST\STM32F4xx\Include\"
#        -I "D:\IAR Workspace\STM32F407\VCP_ESP\" -I "D:\IAR
#        Workspace\STM32F407\VCP_ESP\usb_conf\" -I "D:\IAR
#        Workspace\STM32F407\VCP_ESP\usb_lib\cdc\" -I "D:\IAR
#        Workspace\STM32F407\VCP_ESP\usb_lib\otg\" -I "D:\IAR
#        Workspace\STM32F407\VCP_ESP\usb_lib\core\" -On --use_c++_inline -I
#        "C:\Program Files (x86)\IAR Systems\Embedded Workbench
#        7.3\arm\CMSIS\Include\" -D ARM_MATH_CM4
#    List file    =  
#        D:\IAR Workspace\STM32F407\VCP_ESP\Debug\List\stm32f4xx_hash_sha1.lst
#    Object file  =  
#        D:\IAR Workspace\STM32F407\VCP_ESP\Debug\Obj\stm32f4xx_hash_sha1.o
#
###############################################################################

D:\IAR Workspace\STM32F407\STM32F4-Discovery_FW_V1.1.0\Libraries\STM32F4xx_StdPeriph_Driver\src\stm32f4xx_hash_sha1.c
      1          /**
      2            ******************************************************************************
      3            * @file    stm32f4xx_hash_sha1.c
      4            * @author  MCD Application Team
      5            * @version V1.0.0
      6            * @date    30-September-2011
      7            * @brief   This file provides high level functions to compute the HASH SHA1 and
      8            *          HMAC SHA1 Digest of an input message.
      9            *          It uses the stm32f4xx_hash.c/.h drivers to access the STM32F4xx HASH
     10            *          peripheral.
     11            *
     12            *  @verbatim
     13            * 
     14            *          ===================================================================
     15            *                                   How to use this driver
     16            *          ===================================================================
     17            *          1. Enable The HASH controller clock using 
     18            *            RCC_AHB2PeriphClockCmd(RCC_AHB2Periph_HASH, ENABLE); function.
     19            *
     20            *          2. Calculate the HASH SHA1 Digest using HASH_SHA1() function.
     21            *
     22            *          3. Calculate the HMAC SHA1 Digest using HMAC_SHA1() function.
     23            *
     24            *  @endverbatim
     25            *
     26            ******************************************************************************
     27            * @attention
     28            *
     29            * THE PRESENT FIRMWARE WHICH IS FOR GUIDANCE ONLY AIMS AT PROVIDING CUSTOMERS
     30            * WITH CODING INFORMATION REGARDING THEIR PRODUCTS IN ORDER FOR THEM TO SAVE
     31            * TIME. AS A RESULT, STMICROELECTRONICS SHALL NOT BE HELD LIABLE FOR ANY
     32            * DIRECT, INDIRECT OR CONSEQUENTIAL DAMAGES WITH RESPECT TO ANY CLAIMS ARISING
     33            * FROM THE CONTENT OF SUCH FIRMWARE AND/OR THE USE MADE BY CUSTOMERS OF THE
     34            * CODING INFORMATION CONTAINED HEREIN IN CONNECTION WITH THEIR PRODUCTS.
     35            *
     36            * <h2><center>&copy; COPYRIGHT 2011 STMicroelectronics</center></h2>
     37            ******************************************************************************
     38            */
     39          
     40          /* Includes ------------------------------------------------------------------*/
     41          #include "stm32f4xx_hash.h"
     42          
     43          /** @addtogroup STM32F4xx_StdPeriph_Driver
     44            * @{
     45            */
     46          
     47          /** @defgroup HASH 
     48            * @brief HASH driver modules
     49            * @{
     50            */
     51          
     52          /* Private typedef -----------------------------------------------------------*/
     53          /* Private define ------------------------------------------------------------*/
     54          #define SHA1BUSY_TIMEOUT    ((uint32_t) 0x00010000)
     55          
     56          /* Private macro -------------------------------------------------------------*/
     57          /* Private variables ---------------------------------------------------------*/
     58          /* Private function prototypes -----------------------------------------------*/
     59          /* Private functions ---------------------------------------------------------*/
     60          
     61          /** @defgroup HASH_Private_Functions
     62            * @{
     63            */ 
     64          
     65          /** @defgroup HASH_Group6 High Level SHA1 functions
     66           *  @brief   High Level SHA1 Hash and HMAC functions 
     67           *
     68          @verbatim   
     69           ===============================================================================
     70                                    High Level SHA1 Hash and HMAC functions
     71           ===============================================================================
     72          
     73          
     74          @endverbatim
     75            * @{
     76            */
     77          
     78          /**
     79            * @brief  Compute the HASH SHA1 digest.
     80            * @param  Input: pointer to the Input buffer to be treated.
     81            * @param  Ilen: length of the Input buffer.
     82            * @param  Output: the returned digest
     83            * @retval An ErrorStatus enumeration value:
     84            *          - SUCCESS: digest computation done
     85            *          - ERROR: digest computation failed
     86            */

   \                                 In section .text, align 2, keep-with-next
     87          ErrorStatus HASH_SHA1(uint8_t *Input, uint32_t Ilen, uint8_t Output[20])
     88          {
   \                     HASH_SHA1: (+1)
   \   00000000   0xE92D 0x4FF0      PUSH     {R4-R11,LR}
   \   00000004   0xB08B             SUB      SP,SP,#+44
   \   00000006   0x0004             MOVS     R4,R0
   \   00000008   0x000D             MOVS     R5,R1
   \   0000000A   0x0016             MOVS     R6,R2
     89            HASH_InitTypeDef SHA1_HASH_InitStructure;
     90            HASH_MsgDigest SHA1_MessageDigest;
     91            __IO uint16_t nbvalidbitsdata = 0;
   \   0000000C   0x2000             MOVS     R0,#+0
   \   0000000E   0xF8AD 0x0004      STRH     R0,[SP, #+4]
     92            uint32_t i = 0;
   \   00000012   0xF05F 0x0B00      MOVS     R11,#+0
     93            __IO uint32_t counter = 0;
   \   00000016   0x2000             MOVS     R0,#+0
   \   00000018   0x9000             STR      R0,[SP, #+0]
     94            uint32_t busystatus = 0;
   \   0000001A   0x2700             MOVS     R7,#+0
     95            ErrorStatus status = SUCCESS;
   \   0000001C   0xF05F 0x0801      MOVS     R8,#+1
     96            uint32_t inputaddr  = (uint32_t)Input;
   \   00000020   0x46A2             MOV      R10,R4
     97            uint32_t outputaddr = (uint32_t)Output;
   \   00000022   0x46B1             MOV      R9,R6
     98          
     99            /* Number of valid bits in last word of the Input data */
    100            nbvalidbitsdata = 8 * (Ilen % 4);
   \   00000024   0x2004             MOVS     R0,#+4
   \   00000026   0xFBB5 0xF1F0      UDIV     R1,R5,R0
   \   0000002A   0xFB01 0x5110      MLS      R1,R1,R0,R5
   \   0000002E   0xB289             UXTH     R1,R1            ;; ZeroExt  R1,R1,#+16,#+16
   \   00000030   0x00C8             LSLS     R0,R1,#+3
   \   00000032   0xF8AD 0x0004      STRH     R0,[SP, #+4]
    101          
    102            /* HASH peripheral initialization */
    103            HASH_DeInit();
   \   00000036   0x.... 0x....      BL       HASH_DeInit
    104          
    105            /* HASH Configuration */
    106            SHA1_HASH_InitStructure.HASH_AlgoSelection = HASH_AlgoSelection_SHA1;
   \   0000003A   0x2000             MOVS     R0,#+0
   \   0000003C   0x9007             STR      R0,[SP, #+28]
    107            SHA1_HASH_InitStructure.HASH_AlgoMode = HASH_AlgoMode_HASH;
   \   0000003E   0x2000             MOVS     R0,#+0
   \   00000040   0x9008             STR      R0,[SP, #+32]
    108            SHA1_HASH_InitStructure.HASH_DataType = HASH_DataType_8b;
   \   00000042   0x2020             MOVS     R0,#+32
   \   00000044   0x9009             STR      R0,[SP, #+36]
    109            HASH_Init(&SHA1_HASH_InitStructure);
   \   00000046   0xA807             ADD      R0,SP,#+28
   \   00000048   0x.... 0x....      BL       HASH_Init
    110          
    111            /* Configure the number of valid bits in last word of the data */
    112            HASH_SetLastWordValidBitsNbr(nbvalidbitsdata);
   \   0000004C   0xF8BD 0x0004      LDRH     R0,[SP, #+4]
   \   00000050   0x.... 0x....      BL       HASH_SetLastWordValidBitsNbr
    113          
    114            /* Write the Input block in the IN FIFO */
    115            for(i=0; i<Ilen; i+=4)
   \   00000054   0x2000             MOVS     R0,#+0
   \   00000056   0x4683             MOV      R11,R0
   \                     ??HASH_SHA1_0: (+1)
   \   00000058   0x45AB             CMP      R11,R5
   \   0000005A   0xD208             BCS.N    ??HASH_SHA1_1
    116            {
    117              HASH_DataIn(*(uint32_t*)inputaddr);
   \   0000005C   0xF8DA 0x0000      LDR      R0,[R10, #+0]
   \   00000060   0x.... 0x....      BL       HASH_DataIn
    118              inputaddr+=4;
   \   00000064   0xF11A 0x0A04      ADDS     R10,R10,#+4
    119            }
   \   00000068   0xF11B 0x0B04      ADDS     R11,R11,#+4
   \   0000006C   0xE7F4             B.N      ??HASH_SHA1_0
    120          
    121            /* Start the HASH processor */
    122            HASH_StartDigest();
   \                     ??HASH_SHA1_1: (+1)
   \   0000006E   0x.... 0x....      BL       HASH_StartDigest
    123          
    124            /* wait until the Busy flag is RESET */
    125            do
    126            {
    127              busystatus = HASH_GetFlagStatus(HASH_FLAG_BUSY);
   \                     ??HASH_SHA1_2: (+1)
   \   00000072   0x2008             MOVS     R0,#+8
   \   00000074   0x.... 0x....      BL       HASH_GetFlagStatus
   \   00000078   0x0007             MOVS     R7,R0
    128              counter++;
   \   0000007A   0x9800             LDR      R0,[SP, #+0]
   \   0000007C   0x1C40             ADDS     R0,R0,#+1
   \   0000007E   0x9000             STR      R0,[SP, #+0]
    129            }while ((counter != SHA1BUSY_TIMEOUT) && (busystatus != RESET));
   \   00000080   0x9800             LDR      R0,[SP, #+0]
   \   00000082   0xF5B0 0x3F80      CMP      R0,#+65536
   \   00000086   0xD001             BEQ.N    ??HASH_SHA1_3
   \   00000088   0x2F00             CMP      R7,#+0
   \   0000008A   0xD1F2             BNE.N    ??HASH_SHA1_2
    130          
    131            if (busystatus != RESET)
   \                     ??HASH_SHA1_3: (+1)
   \   0000008C   0x2F00             CMP      R7,#+0
   \   0000008E   0xD002             BEQ.N    ??HASH_SHA1_4
    132            {
    133               status = ERROR;
   \   00000090   0x2000             MOVS     R0,#+0
   \   00000092   0x4680             MOV      R8,R0
   \   00000094   0xE01E             B.N      ??HASH_SHA1_5
    134            }
    135            else
    136            {
    137              /* Read the message digest */
    138              HASH_GetDigest(&SHA1_MessageDigest);
   \                     ??HASH_SHA1_4: (+1)
   \   00000096   0xA802             ADD      R0,SP,#+8
   \   00000098   0x.... 0x....      BL       HASH_GetDigest
    139              *(uint32_t*)(outputaddr)  = __REV(SHA1_MessageDigest.Data[0]);
   \   0000009C   0x9802             LDR      R0,[SP, #+8]
   \   0000009E   0xBA00             REV      R0,R0
   \   000000A0   0xF8C9 0x0000      STR      R0,[R9, #+0]
    140              outputaddr+=4;
   \   000000A4   0xF119 0x0904      ADDS     R9,R9,#+4
    141              *(uint32_t*)(outputaddr)  = __REV(SHA1_MessageDigest.Data[1]);
   \   000000A8   0x9803             LDR      R0,[SP, #+12]
   \   000000AA   0xBA00             REV      R0,R0
   \   000000AC   0xF8C9 0x0000      STR      R0,[R9, #+0]
    142              outputaddr+=4;
   \   000000B0   0xF119 0x0904      ADDS     R9,R9,#+4
    143              *(uint32_t*)(outputaddr)  = __REV(SHA1_MessageDigest.Data[2]);
   \   000000B4   0x9804             LDR      R0,[SP, #+16]
   \   000000B6   0xBA00             REV      R0,R0
   \   000000B8   0xF8C9 0x0000      STR      R0,[R9, #+0]
    144              outputaddr+=4;
   \   000000BC   0xF119 0x0904      ADDS     R9,R9,#+4
    145              *(uint32_t*)(outputaddr)  = __REV(SHA1_MessageDigest.Data[3]);
   \   000000C0   0x9805             LDR      R0,[SP, #+20]
   \   000000C2   0xBA00             REV      R0,R0
   \   000000C4   0xF8C9 0x0000      STR      R0,[R9, #+0]
    146              outputaddr+=4;
   \   000000C8   0xF119 0x0904      ADDS     R9,R9,#+4
    147              *(uint32_t*)(outputaddr)  = __REV(SHA1_MessageDigest.Data[4]);
   \   000000CC   0x9806             LDR      R0,[SP, #+24]
   \   000000CE   0xBA00             REV      R0,R0
   \   000000D0   0xF8C9 0x0000      STR      R0,[R9, #+0]
    148            }
    149            return status;
   \                     ??HASH_SHA1_5: (+1)
   \   000000D4   0x4640             MOV      R0,R8
   \   000000D6   0xB2C0             UXTB     R0,R0            ;; ZeroExt  R0,R0,#+24,#+24
   \   000000D8   0xB00B             ADD      SP,SP,#+44
   \   000000DA   0xE8BD 0x8FF0      POP      {R4-R11,PC}      ;; return
    150          }
    151          
    152          /**
    153            * @brief  Compute the HMAC SHA1 digest.
    154            * @param  Key: pointer to the Key used for HMAC.
    155            * @param  Keylen: length of the Key used for HMAC.  
    156            * @param  Input: pointer to the Input buffer to be treated.
    157            * @param  Ilen: length of the Input buffer.
    158            * @param  Output: the returned digest
    159            * @retval An ErrorStatus enumeration value:
    160            *          - SUCCESS: digest computation done
    161            *          - ERROR: digest computation failed
    162            */

   \                                 In section .text, align 2, keep-with-next
    163          ErrorStatus HMAC_SHA1(uint8_t *Key, uint32_t Keylen, uint8_t *Input,
    164                                uint32_t Ilen, uint8_t Output[20])
    165          {
   \                     HMAC_SHA1: (+1)
   \   00000000   0xE92D 0x4FF5      PUSH     {R0,R2,R4-R11,LR}
   \   00000004   0xB08B             SUB      SP,SP,#+44
   \   00000006   0x000C             MOVS     R4,R1
   \   00000008   0x001D             MOVS     R5,R3
    166            HASH_InitTypeDef SHA1_HASH_InitStructure;
    167            HASH_MsgDigest SHA1_MessageDigest;
    168            __IO uint16_t nbvalidbitsdata = 0;
   \   0000000A   0x2000             MOVS     R0,#+0
   \   0000000C   0xF8AD 0x0006      STRH     R0,[SP, #+6]
    169            __IO uint16_t nbvalidbitskey = 0;
   \   00000010   0x2000             MOVS     R0,#+0
   \   00000012   0xF8AD 0x0004      STRH     R0,[SP, #+4]
    170            uint32_t i = 0;
   \   00000016   0xF05F 0x0B00      MOVS     R11,#+0
    171            __IO uint32_t counter = 0;
   \   0000001A   0x2000             MOVS     R0,#+0
   \   0000001C   0x9000             STR      R0,[SP, #+0]
    172            uint32_t busystatus = 0;
   \   0000001E   0x2600             MOVS     R6,#+0
    173            ErrorStatus status = SUCCESS;
   \   00000020   0x2701             MOVS     R7,#+1
    174            uint32_t keyaddr    = (uint32_t)Key;
   \   00000022   0xF8DD 0xA02C      LDR      R10,[SP, #+44]
    175            uint32_t inputaddr  = (uint32_t)Input;
   \   00000026   0xF8DD 0x9030      LDR      R9,[SP, #+48]
    176            uint32_t outputaddr = (uint32_t)Output;
   \   0000002A   0xF8DD 0x8058      LDR      R8,[SP, #+88]
    177          
    178            /* Number of valid bits in last word of the Input data */
    179            nbvalidbitsdata = 8 * (Ilen % 4);
   \   0000002E   0x2004             MOVS     R0,#+4
   \   00000030   0xFBB5 0xF1F0      UDIV     R1,R5,R0
   \   00000034   0xFB01 0x5110      MLS      R1,R1,R0,R5
   \   00000038   0xB289             UXTH     R1,R1            ;; ZeroExt  R1,R1,#+16,#+16
   \   0000003A   0x00C8             LSLS     R0,R1,#+3
   \   0000003C   0xF8AD 0x0006      STRH     R0,[SP, #+6]
    180          
    181            /* Number of valid bits in last word of the Key */
    182            nbvalidbitskey = 8 * (Keylen % 4);
   \   00000040   0x2004             MOVS     R0,#+4
   \   00000042   0xFBB4 0xF1F0      UDIV     R1,R4,R0
   \   00000046   0xFB01 0x4110      MLS      R1,R1,R0,R4
   \   0000004A   0xB289             UXTH     R1,R1            ;; ZeroExt  R1,R1,#+16,#+16
   \   0000004C   0x00C8             LSLS     R0,R1,#+3
   \   0000004E   0xF8AD 0x0004      STRH     R0,[SP, #+4]
    183          
    184            /* HASH peripheral initialization */
    185            HASH_DeInit();
   \   00000052   0x.... 0x....      BL       HASH_DeInit
    186          
    187            /* HASH Configuration */
    188            SHA1_HASH_InitStructure.HASH_AlgoSelection = HASH_AlgoSelection_SHA1;
   \   00000056   0x2000             MOVS     R0,#+0
   \   00000058   0x9002             STR      R0,[SP, #+8]
    189            SHA1_HASH_InitStructure.HASH_AlgoMode = HASH_AlgoMode_HMAC;
   \   0000005A   0x2040             MOVS     R0,#+64
   \   0000005C   0x9003             STR      R0,[SP, #+12]
    190            SHA1_HASH_InitStructure.HASH_DataType = HASH_DataType_8b;
   \   0000005E   0x2020             MOVS     R0,#+32
   \   00000060   0x9004             STR      R0,[SP, #+16]
    191            if(Keylen > 64)
   \   00000062   0x2C41             CMP      R4,#+65
   \   00000064   0xD303             BCC.N    ??HMAC_SHA1_0
    192            {
    193              /* HMAC long Key */
    194              SHA1_HASH_InitStructure.HASH_HMACKeyType = HASH_HMACKeyType_LongKey;
   \   00000066   0xF45F 0x3080      MOVS     R0,#+65536
   \   0000006A   0x9005             STR      R0,[SP, #+20]
   \   0000006C   0xE001             B.N      ??HMAC_SHA1_1
    195            }
    196            else
    197            {
    198              /* HMAC short Key */
    199              SHA1_HASH_InitStructure.HASH_HMACKeyType = HASH_HMACKeyType_ShortKey;
   \                     ??HMAC_SHA1_0: (+1)
   \   0000006E   0x2000             MOVS     R0,#+0
   \   00000070   0x9005             STR      R0,[SP, #+20]
    200            }
    201            HASH_Init(&SHA1_HASH_InitStructure);
   \                     ??HMAC_SHA1_1: (+1)
   \   00000072   0xA802             ADD      R0,SP,#+8
   \   00000074   0x.... 0x....      BL       HASH_Init
    202          
    203            /* Configure the number of valid bits in last word of the Key */
    204            HASH_SetLastWordValidBitsNbr(nbvalidbitskey);
   \   00000078   0xF8BD 0x0004      LDRH     R0,[SP, #+4]
   \   0000007C   0x.... 0x....      BL       HASH_SetLastWordValidBitsNbr
    205          
    206            /* Write the Key */
    207            for(i=0; i<Keylen; i+=4)
   \   00000080   0x2000             MOVS     R0,#+0
   \   00000082   0x4683             MOV      R11,R0
   \                     ??HMAC_SHA1_2: (+1)
   \   00000084   0x45A3             CMP      R11,R4
   \   00000086   0xD208             BCS.N    ??HMAC_SHA1_3
    208            {
    209              HASH_DataIn(*(uint32_t*)keyaddr);
   \   00000088   0xF8DA 0x0000      LDR      R0,[R10, #+0]
   \   0000008C   0x.... 0x....      BL       HASH_DataIn
    210              keyaddr+=4;
   \   00000090   0xF11A 0x0A04      ADDS     R10,R10,#+4
    211            }
   \   00000094   0xF11B 0x0B04      ADDS     R11,R11,#+4
   \   00000098   0xE7F4             B.N      ??HMAC_SHA1_2
    212          
    213            /* Start the HASH processor */
    214            HASH_StartDigest();
   \                     ??HMAC_SHA1_3: (+1)
   \   0000009A   0x.... 0x....      BL       HASH_StartDigest
    215          
    216            /* wait until the Busy flag is RESET */
    217            do
    218            {
    219              busystatus = HASH_GetFlagStatus(HASH_FLAG_BUSY);
   \                     ??HMAC_SHA1_4: (+1)
   \   0000009E   0x2008             MOVS     R0,#+8
   \   000000A0   0x.... 0x....      BL       HASH_GetFlagStatus
   \   000000A4   0x0006             MOVS     R6,R0
    220              counter++;
   \   000000A6   0x9800             LDR      R0,[SP, #+0]
   \   000000A8   0x1C40             ADDS     R0,R0,#+1
   \   000000AA   0x9000             STR      R0,[SP, #+0]
    221            }while ((counter != SHA1BUSY_TIMEOUT) && (busystatus != RESET));
   \   000000AC   0x9800             LDR      R0,[SP, #+0]
   \   000000AE   0xF5B0 0x3F80      CMP      R0,#+65536
   \   000000B2   0xD001             BEQ.N    ??HMAC_SHA1_5
   \   000000B4   0x2E00             CMP      R6,#+0
   \   000000B6   0xD1F2             BNE.N    ??HMAC_SHA1_4
    222          
    223            if (busystatus != RESET)
   \                     ??HMAC_SHA1_5: (+1)
   \   000000B8   0x2E00             CMP      R6,#+0
   \   000000BA   0xD002             BEQ.N    ??HMAC_SHA1_6
    224            {
    225               status = ERROR;
   \   000000BC   0x2000             MOVS     R0,#+0
   \   000000BE   0x0007             MOVS     R7,R0
   \   000000C0   0xE06E             B.N      ??HMAC_SHA1_7
    226            }
    227            else
    228            {
    229              /* Configure the number of valid bits in last word of the Input data */
    230              HASH_SetLastWordValidBitsNbr(nbvalidbitsdata);
   \                     ??HMAC_SHA1_6: (+1)
   \   000000C2   0xF8BD 0x0006      LDRH     R0,[SP, #+6]
   \   000000C6   0x.... 0x....      BL       HASH_SetLastWordValidBitsNbr
    231          
    232              /* Write the Input block in the IN FIFO */
    233              for(i=0; i<Ilen; i+=4)
   \   000000CA   0x2000             MOVS     R0,#+0
   \   000000CC   0x4683             MOV      R11,R0
   \                     ??HMAC_SHA1_8: (+1)
   \   000000CE   0x45AB             CMP      R11,R5
   \   000000D0   0xD208             BCS.N    ??HMAC_SHA1_9
    234              {
    235                HASH_DataIn(*(uint32_t*)inputaddr);
   \   000000D2   0xF8D9 0x0000      LDR      R0,[R9, #+0]
   \   000000D6   0x.... 0x....      BL       HASH_DataIn
    236                inputaddr+=4;
   \   000000DA   0xF119 0x0904      ADDS     R9,R9,#+4
    237              }
   \   000000DE   0xF11B 0x0B04      ADDS     R11,R11,#+4
   \   000000E2   0xE7F4             B.N      ??HMAC_SHA1_8
    238          
    239              /* Start the HASH processor */
    240              HASH_StartDigest();
   \                     ??HMAC_SHA1_9: (+1)
   \   000000E4   0x.... 0x....      BL       HASH_StartDigest
    241          
    242          
    243              /* wait until the Busy flag is RESET */
    244              counter =0;
   \   000000E8   0x2000             MOVS     R0,#+0
   \   000000EA   0x9000             STR      R0,[SP, #+0]
    245              do
    246              {
    247                busystatus = HASH_GetFlagStatus(HASH_FLAG_BUSY);
   \                     ??HMAC_SHA1_10: (+1)
   \   000000EC   0x2008             MOVS     R0,#+8
   \   000000EE   0x.... 0x....      BL       HASH_GetFlagStatus
   \   000000F2   0x0006             MOVS     R6,R0
    248                counter++;
   \   000000F4   0x9800             LDR      R0,[SP, #+0]
   \   000000F6   0x1C40             ADDS     R0,R0,#+1
   \   000000F8   0x9000             STR      R0,[SP, #+0]
    249              }while ((counter != SHA1BUSY_TIMEOUT) && (busystatus != RESET));
   \   000000FA   0x9800             LDR      R0,[SP, #+0]
   \   000000FC   0xF5B0 0x3F80      CMP      R0,#+65536
   \   00000100   0xD001             BEQ.N    ??HMAC_SHA1_11
   \   00000102   0x2E00             CMP      R6,#+0
   \   00000104   0xD1F2             BNE.N    ??HMAC_SHA1_10
    250          
    251              if (busystatus != RESET)
   \                     ??HMAC_SHA1_11: (+1)
   \   00000106   0x2E00             CMP      R6,#+0
   \   00000108   0xD002             BEQ.N    ??HMAC_SHA1_12
    252              {
    253                status = ERROR;
   \   0000010A   0x2000             MOVS     R0,#+0
   \   0000010C   0x0007             MOVS     R7,R0
   \   0000010E   0xE047             B.N      ??HMAC_SHA1_7
    254              }
    255              else
    256              {  
    257                /* Configure the number of valid bits in last word of the Key */
    258                HASH_SetLastWordValidBitsNbr(nbvalidbitskey);
   \                     ??HMAC_SHA1_12: (+1)
   \   00000110   0xF8BD 0x0004      LDRH     R0,[SP, #+4]
   \   00000114   0x.... 0x....      BL       HASH_SetLastWordValidBitsNbr
    259          
    260                /* Write the Key */
    261                keyaddr = (uint32_t)Key;
   \   00000118   0x980B             LDR      R0,[SP, #+44]
   \   0000011A   0x4682             MOV      R10,R0
    262                for(i=0; i<Keylen; i+=4)
   \   0000011C   0x2000             MOVS     R0,#+0
   \   0000011E   0x4683             MOV      R11,R0
   \                     ??HMAC_SHA1_13: (+1)
   \   00000120   0x45A3             CMP      R11,R4
   \   00000122   0xD208             BCS.N    ??HMAC_SHA1_14
    263                {
    264                  HASH_DataIn(*(uint32_t*)keyaddr);
   \   00000124   0xF8DA 0x0000      LDR      R0,[R10, #+0]
   \   00000128   0x.... 0x....      BL       HASH_DataIn
    265                  keyaddr+=4;
   \   0000012C   0xF11A 0x0A04      ADDS     R10,R10,#+4
    266                }
   \   00000130   0xF11B 0x0B04      ADDS     R11,R11,#+4
   \   00000134   0xE7F4             B.N      ??HMAC_SHA1_13
    267          
    268                /* Start the HASH processor */
    269                HASH_StartDigest();
   \                     ??HMAC_SHA1_14: (+1)
   \   00000136   0x.... 0x....      BL       HASH_StartDigest
    270          
    271                /* wait until the Busy flag is RESET */
    272                counter =0;
   \   0000013A   0x2000             MOVS     R0,#+0
   \   0000013C   0x9000             STR      R0,[SP, #+0]
    273                do
    274                {
    275                  busystatus = HASH_GetFlagStatus(HASH_FLAG_BUSY);
   \                     ??HMAC_SHA1_15: (+1)
   \   0000013E   0x2008             MOVS     R0,#+8
   \   00000140   0x.... 0x....      BL       HASH_GetFlagStatus
   \   00000144   0x0006             MOVS     R6,R0
    276                  counter++;
   \   00000146   0x9800             LDR      R0,[SP, #+0]
   \   00000148   0x1C40             ADDS     R0,R0,#+1
   \   0000014A   0x9000             STR      R0,[SP, #+0]
    277                }while ((counter != SHA1BUSY_TIMEOUT) && (busystatus != RESET));
   \   0000014C   0x9800             LDR      R0,[SP, #+0]
   \   0000014E   0xF5B0 0x3F80      CMP      R0,#+65536
   \   00000152   0xD001             BEQ.N    ??HMAC_SHA1_16
   \   00000154   0x2E00             CMP      R6,#+0
   \   00000156   0xD1F2             BNE.N    ??HMAC_SHA1_15
    278          
    279                if (busystatus != RESET)
   \                     ??HMAC_SHA1_16: (+1)
   \   00000158   0x2E00             CMP      R6,#+0
   \   0000015A   0xD002             BEQ.N    ??HMAC_SHA1_17
    280                {
    281                  status = ERROR;
   \   0000015C   0x2000             MOVS     R0,#+0
   \   0000015E   0x0007             MOVS     R7,R0
   \   00000160   0xE01E             B.N      ??HMAC_SHA1_7
    282                }
    283                else
    284                {
    285                  /* Read the message digest */
    286                  HASH_GetDigest(&SHA1_MessageDigest);
   \                     ??HMAC_SHA1_17: (+1)
   \   00000162   0xA806             ADD      R0,SP,#+24
   \   00000164   0x.... 0x....      BL       HASH_GetDigest
    287                  *(uint32_t*)(outputaddr)  = __REV(SHA1_MessageDigest.Data[0]);
   \   00000168   0x9806             LDR      R0,[SP, #+24]
   \   0000016A   0xBA00             REV      R0,R0
   \   0000016C   0xF8C8 0x0000      STR      R0,[R8, #+0]
    288                  outputaddr+=4;
   \   00000170   0xF118 0x0804      ADDS     R8,R8,#+4
    289                  *(uint32_t*)(outputaddr)  = __REV(SHA1_MessageDigest.Data[1]);
   \   00000174   0x9807             LDR      R0,[SP, #+28]
   \   00000176   0xBA00             REV      R0,R0
   \   00000178   0xF8C8 0x0000      STR      R0,[R8, #+0]
    290                  outputaddr+=4;
   \   0000017C   0xF118 0x0804      ADDS     R8,R8,#+4
    291                  *(uint32_t*)(outputaddr)  = __REV(SHA1_MessageDigest.Data[2]);
   \   00000180   0x9808             LDR      R0,[SP, #+32]
   \   00000182   0xBA00             REV      R0,R0
   \   00000184   0xF8C8 0x0000      STR      R0,[R8, #+0]
    292                  outputaddr+=4;
   \   00000188   0xF118 0x0804      ADDS     R8,R8,#+4
    293                  *(uint32_t*)(outputaddr)  = __REV(SHA1_MessageDigest.Data[3]);
   \   0000018C   0x9809             LDR      R0,[SP, #+36]
   \   0000018E   0xBA00             REV      R0,R0
   \   00000190   0xF8C8 0x0000      STR      R0,[R8, #+0]
    294                  outputaddr+=4;
   \   00000194   0xF118 0x0804      ADDS     R8,R8,#+4
    295                  *(uint32_t*)(outputaddr)  = __REV(SHA1_MessageDigest.Data[4]);
   \   00000198   0x980A             LDR      R0,[SP, #+40]
   \   0000019A   0xBA00             REV      R0,R0
   \   0000019C   0xF8C8 0x0000      STR      R0,[R8, #+0]
    296                }
    297              }  
    298            }
    299            return status;  
   \                     ??HMAC_SHA1_7: (+1)
   \   000001A0   0x0038             MOVS     R0,R7
   \   000001A2   0xB2C0             UXTB     R0,R0            ;; ZeroExt  R0,R0,#+24,#+24
   \   000001A4   0xB00D             ADD      SP,SP,#+52
   \   000001A6   0xE8BD 0x8FF0      POP      {R4-R11,PC}      ;; return
    300          }
    301          /**
    302            * @}
    303            */ 
    304          
    305          /**
    306            * @}
    307            */ 
    308          
    309          /**
    310            * @}
    311            */ 
    312          
    313          /**
    314            * @}
    315            */ 
    316          
    317          /******************* (C) COPYRIGHT 2011 STMicroelectronics *****END OF FILE****/

   Maximum stack usage in bytes:

   .cstack Function
   ------- --------
      80   HASH_SHA1
        80   -> HASH_DataIn
        80   -> HASH_DeInit
        80   -> HASH_GetDigest
        80   -> HASH_GetFlagStatus
        80   -> HASH_Init
        80   -> HASH_SetLastWordValidBitsNbr
        80   -> HASH_StartDigest
      88   HMAC_SHA1
        88   -> HASH_DataIn
        88   -> HASH_DeInit
        88   -> HASH_GetDigest
        88   -> HASH_GetFlagStatus
        88   -> HASH_Init
        88   -> HASH_SetLastWordValidBitsNbr
        88   -> HASH_StartDigest


   Section sizes:

   Bytes  Function/Label
   -----  --------------
     222  HASH_SHA1
     426  HMAC_SHA1

 
 648 bytes in section .text
 
 648 bytes of CODE memory

Errors: none
Warnings: none
