###############################################################################
#
# IAR ANSI C/C++ Compiler V7.50.2.10312/W32 for ARM       06/May/2016  23:31:38
# Copyright 1999-2015 IAR Systems AB.
#
#    Cpu mode     =  thumb
#    Endian       =  little
#    Source file  =  D:\IAR Workspace\STM32F407\VCP_ESP\usb_conf\usbd_usr.c
#    Command line =  
#        "D:\IAR Workspace\STM32F407\VCP_ESP\usb_conf\usbd_usr.c" -D
#        USE_STDPERIPH_DRIVER -D STM32F4XX -D USE_FULL_ASSERT -lCN "D:\IAR
#        Workspace\STM32F407\VCP_ESP\Debug\List" -o "D:\IAR
#        Workspace\STM32F407\VCP_ESP\Debug\Obj" --no_cse --no_unroll
#        --no_inline --no_code_motion --no_tbaa --no_clustering --no_scheduling
#        --debug --endian=little --cpu=Cortex-M4 -e --fpu=VFPv4_sp
#        --dlib_config "C:\Program Files (x86)\IAR Systems\Embedded Workbench
#        7.3\arm\INC\c\DLib_Config_Full.h" -I "D:\IAR
#        Workspace\STM32F407\VCP_ESP\..\Libraries\STM32F4xx_StdPeriph_Driver\inc\"
#        -I "D:\IAR Workspace\STM32F407\VCP_ESP\..\Libraries\CMSIS\Include\" -I
#        "D:\IAR Workspace\STM32F407\VCP_ESP\..\Utilities\STM32F4-Discovery\"
#        -I "D:\IAR
#        Workspace\STM32F407\VCP_ESP\..\Libraries\CMSIS\ST\STM32F4xx\Include\"
#        -I "D:\IAR Workspace\STM32F407\VCP_ESP\" -I "D:\IAR
#        Workspace\STM32F407\VCP_ESP\usb_conf\" -I "D:\IAR
#        Workspace\STM32F407\VCP_ESP\usb_lib\cdc\" -I "D:\IAR
#        Workspace\STM32F407\VCP_ESP\usb_lib\otg\" -I "D:\IAR
#        Workspace\STM32F407\VCP_ESP\usb_lib\core\" -On --use_c++_inline -I
#        "C:\Program Files (x86)\IAR Systems\Embedded Workbench
#        7.3\arm\CMSIS\Include\" -D ARM_MATH_CM4
#    List file    =  D:\IAR Workspace\STM32F407\VCP_ESP\Debug\List\usbd_usr.lst
#    Object file  =  D:\IAR Workspace\STM32F407\VCP_ESP\Debug\Obj\usbd_usr.o
#
###############################################################################

D:\IAR Workspace\STM32F407\VCP_ESP\usb_conf\usbd_usr.c
      1          /**
      2            ******************************************************************************
      3            * @file    usbd_usr.c
      4            * @author  MCD Application Team
      5            * @version V1.0.0
      6            * @date    19-September-2011
      7            * @brief   This file includes the user application layer
      8            ******************************************************************************
      9            * @attention
     10            *
     11            * THE PRESENT FIRMWARE WHICH IS FOR GUIDANCE ONLY AIMS AT PROVIDING CUSTOMERS
     12            * WITH CODING INFORMATION REGARDING THEIR PRODUCTS IN ORDER FOR THEM TO SAVE
     13            * TIME. AS A RESULT, STMICROELECTRONICS SHALL NOT BE HELD LIABLE FOR ANY
     14            * DIRECT, INDIRECT OR CONSEQUENTIAL DAMAGES WITH RESPECT TO ANY CLAIMS ARISING
     15            * FROM THE CONTENT OF SUCH FIRMWARE AND/OR THE USE MADE BY CUSTOMERS OF THE
     16            * CODING INFORMATION CONTAINED HEREIN IN CONNECTION WITH THEIR PRODUCTS.
     17            *
     18            * <h2><center>&copy; COPYRIGHT 2011 STMicroelectronics</center></h2>
     19            ******************************************************************************
     20            */ 
     21          
     22          #include "usbd_usr.h"
     23          #include "usbd_ioreq.h"
     24          

   \                                 In section .data, align 4
     25          USBD_Usr_cb_TypeDef USR_cb =
   \                     USR_cb:
   \   00000000   0x........         DC32 USBD_USR_Init, USBD_USR_DeviceReset, USBD_USR_DeviceConfigured
   \              0x........   
   \              0x........   
   \   0000000C   0x........         DC32 USBD_USR_DeviceSuspended, USBD_USR_DeviceResumed
   \              0x........   
   \   00000014   0x........         DC32 USBD_USR_DeviceConnected, USBD_USR_DeviceDisconnected
   \              0x........   
     26          {
     27            USBD_USR_Init,
     28            USBD_USR_DeviceReset,
     29            USBD_USR_DeviceConfigured,
     30            USBD_USR_DeviceSuspended,
     31            USBD_USR_DeviceResumed,
     32            
     33            USBD_USR_DeviceConnected,
     34            USBD_USR_DeviceDisconnected,
     35          };
     36          
     37          
     38          /**
     39          * @brief  USBD_USR_Init 
     40          *         Displays the message on LCD for host lib initialization
     41          * @param  None
     42          * @retval None
     43          */

   \                                 In section .text, align 2, keep-with-next
     44          void USBD_USR_Init(void)
     45          {   
     46          
     47          }
   \                     USBD_USR_Init: (+1)
   \   00000000   0x4770             BX       LR               ;; return
     48          
     49          /**
     50          * @brief  USBD_USR_DeviceReset 
     51          *         Displays the message on LCD on device Reset Event
     52          * @param  speed : device speed
     53          * @retval None
     54          */

   \                                 In section .text, align 2, keep-with-next
     55          void USBD_USR_DeviceReset(uint8_t speed )
     56          {
     57           switch (speed)
   \                     USBD_USR_DeviceReset: (+1)
   \   00000000   0xB2C0             UXTB     R0,R0            ;; ZeroExt  R0,R0,#+24,#+24
   \   00000002   0x2800             CMP      R0,#+0
   \   00000004   0xD002             BEQ.N    ??USBD_USR_DeviceReset_0
   \   00000006   0x2801             CMP      R0,#+1
   \   00000008   0xD001             BEQ.N    ??USBD_USR_DeviceReset_1
   \   0000000A   0xE001             B.N      ??USBD_USR_DeviceReset_2
     58           {
     59             case USB_OTG_SPEED_HIGH: 
     60               break;
   \                     ??USBD_USR_DeviceReset_0: (+1)
   \   0000000C   0xE000             B.N      ??USBD_USR_DeviceReset_3
     61          
     62            case USB_OTG_SPEED_FULL: 
     63               break;
   \                     ??USBD_USR_DeviceReset_1: (+1)
   \   0000000E   0xE7FF             B.N      ??USBD_USR_DeviceReset_3
     64           default:
     65               break;
     66               
     67           }
     68          }
   \                     ??USBD_USR_DeviceReset_2: (+1)
   \                     ??USBD_USR_DeviceReset_3: (+1)
   \   00000010   0x4770             BX       LR               ;; return
     69          
     70          
     71          /**
     72          * @brief  USBD_USR_DeviceConfigured
     73          *         Displays the message on LCD on device configuration Event
     74          * @param  None
     75          * @retval Staus
     76          */

   \                                 In section .text, align 2, keep-with-next
     77          void USBD_USR_DeviceConfigured (void)
     78          {
     79          }
   \                     USBD_USR_DeviceConfigured: (+1)
   \   00000000   0x4770             BX       LR               ;; return
     80          
     81          
     82          /**
     83          * @brief  USBD_USR_DeviceConnected
     84          *         Displays the message on LCD on device connection Event
     85          * @param  None
     86          * @retval Staus
     87          */

   \                                 In section .text, align 2, keep-with-next
     88          void USBD_USR_DeviceConnected (void)
     89          {
     90          }
   \                     USBD_USR_DeviceConnected: (+1)
   \   00000000   0x4770             BX       LR               ;; return
     91          
     92          
     93          /**
     94          * @brief  USBD_USR_DeviceDisonnected
     95          *         Displays the message on LCD on device disconnection Event
     96          * @param  None
     97          * @retval Staus
     98          */

   \                                 In section .text, align 2, keep-with-next
     99          void USBD_USR_DeviceDisconnected (void)
    100          {
    101          }
   \                     USBD_USR_DeviceDisconnected: (+1)
   \   00000000   0x4770             BX       LR               ;; return
    102          
    103          /**
    104          * @brief  USBD_USR_DeviceSuspended 
    105          *         Displays the message on LCD on device suspend Event
    106          * @param  None
    107          * @retval None
    108          */

   \                                 In section .text, align 2, keep-with-next
    109          void USBD_USR_DeviceSuspended(void)
    110          {
    111            /* Users can do their application actions here for the USB-Reset */
    112          }
   \                     USBD_USR_DeviceSuspended: (+1)
   \   00000000   0x4770             BX       LR               ;; return
    113          
    114          
    115          /**
    116          * @brief  USBD_USR_DeviceResumed 
    117          *         Displays the message on LCD on device resume Event
    118          * @param  None
    119          * @retval None
    120          */

   \                                 In section .text, align 2, keep-with-next
    121          void USBD_USR_DeviceResumed(void)
    122          {
    123            /* Users can do their application actions here for the USB-Reset */
    124          }
   \                     USBD_USR_DeviceResumed: (+1)
   \   00000000   0x4770             BX       LR               ;; return
    125          
    126          

   Maximum stack usage in bytes:

   .cstack Function
   ------- --------
       0   USBD_USR_DeviceConfigured
       0   USBD_USR_DeviceConnected
       0   USBD_USR_DeviceDisconnected
       0   USBD_USR_DeviceReset
       0   USBD_USR_DeviceResumed
       0   USBD_USR_DeviceSuspended
       0   USBD_USR_Init


   Section sizes:

   Bytes  Function/Label
   -----  --------------
       2  USBD_USR_DeviceConfigured
       2  USBD_USR_DeviceConnected
       2  USBD_USR_DeviceDisconnected
      18  USBD_USR_DeviceReset
       2  USBD_USR_DeviceResumed
       2  USBD_USR_DeviceSuspended
       2  USBD_USR_Init
      28  USR_cb

 
 28 bytes in section .data
 30 bytes in section .text
 
 30 bytes of CODE memory
 28 bytes of DATA memory

Errors: none
Warnings: 1
